<<<<<<< HEAD
2014-02-22T14:09:38-05:00 NOTICE (5): Page not found
2014-02-22T14:09:38-05:00 NOTICE (5): Request Parameters
2014-02-22T20:22:18-05:00 NOTICE (5): Page not found
2014-02-22T20:22:18-05:00 NOTICE (5): Request Parameters
2014-02-22T20:22:19-05:00 NOTICE (5): Page not found
2014-02-22T20:22:19-05:00 NOTICE (5): Request Parameters
2014-02-22T20:22:19-05:00 NOTICE (5): Page not found
2014-02-22T20:22:19-05:00 NOTICE (5): Request Parameters
2014-02-22T20:22:19-05:00 NOTICE (5): Page not found
2014-02-22T20:22:19-05:00 NOTICE (5): Request Parameters
2014-02-22T20:22:35-05:00 NOTICE (5): Page not found
2014-02-22T20:22:35-05:00 NOTICE (5): Request Parameters
2014-02-22T20:22:36-05:00 NOTICE (5): Page not found
2014-02-22T20:22:36-05:00 NOTICE (5): Request Parameters
2014-02-22T20:22:36-05:00 NOTICE (5): Page not found
2014-02-22T20:22:36-05:00 NOTICE (5): Request Parameters
2014-02-22T20:22:59-05:00 NOTICE (5): Page not found
2014-02-22T20:22:59-05:00 NOTICE (5): Request Parameters
2014-02-22T20:23:00-05:00 NOTICE (5): Page not found
2014-02-22T20:23:00-05:00 NOTICE (5): Request Parameters
2014-02-22T20:23:00-05:00 NOTICE (5): Page not found
2014-02-22T20:23:00-05:00 NOTICE (5): Request Parameters
2014-02-22T20:29:56-05:00 NOTICE (5): Page not found
2014-02-22T20:29:56-05:00 NOTICE (5): Request Parameters
2014-02-22T20:29:56-05:00 NOTICE (5): Page not found
2014-02-22T20:29:56-05:00 NOTICE (5): Request Parameters
2014-02-22T20:29:56-05:00 NOTICE (5): Page not found
2014-02-22T20:29:56-05:00 NOTICE (5): Request Parameters
2014-02-22T20:38:31-05:00 NOTICE (5): Page not found
2014-02-22T20:38:31-05:00 NOTICE (5): Request Parameters
2014-02-22T20:38:31-05:00 NOTICE (5): Page not found
2014-02-22T20:38:31-05:00 NOTICE (5): Request Parameters
2014-02-22T20:38:31-05:00 NOTICE (5): Page not found
2014-02-22T20:38:31-05:00 NOTICE (5): Request Parameters
2014-02-22T20:45:18-05:00 NOTICE (5): Page not found
2014-02-22T20:45:18-05:00 NOTICE (5): Request Parameters
2014-02-22T20:45:24-05:00 NOTICE (5): Page not found
2014-02-22T20:45:24-05:00 NOTICE (5): Request Parameters
2014-02-22T20:45:45-05:00 NOTICE (5): Page not found
2014-02-22T20:45:45-05:00 NOTICE (5): Request Parameters
2014-02-22T20:45:46-05:00 NOTICE (5): Page not found
2014-02-22T20:45:46-05:00 NOTICE (5): Request Parameters
2014-02-22T20:45:46-05:00 NOTICE (5): Page not found
2014-02-22T20:45:46-05:00 NOTICE (5): Request Parameters
2014-02-22T20:45:46-05:00 NOTICE (5): Page not found
2014-02-22T20:45:46-05:00 NOTICE (5): Request Parameters
2014-02-22T20:59:04-05:00 NOTICE (5): Page not found
2014-02-22T20:59:04-05:00 NOTICE (5): Request Parameters
2014-02-22T20:59:05-05:00 NOTICE (5): Page not found
2014-02-22T20:59:05-05:00 NOTICE (5): Request Parameters
2014-02-22T20:59:05-05:00 NOTICE (5): Page not found
2014-02-22T20:59:05-05:00 NOTICE (5): Request Parameters
2014-02-22T21:00:09-05:00 NOTICE (5): Page not found
2014-02-22T21:00:09-05:00 NOTICE (5): Request Parameters
2014-02-22T21:00:09-05:00 NOTICE (5): Page not found
2014-02-22T21:00:09-05:00 NOTICE (5): Request Parameters
2014-02-22T21:00:09-05:00 NOTICE (5): Page not found
2014-02-22T21:00:09-05:00 NOTICE (5): Request Parameters
2014-02-22T21:01:20-05:00 NOTICE (5): Page not found
2014-02-22T21:01:20-05:00 NOTICE (5): Request Parameters
2014-02-22T21:01:20-05:00 NOTICE (5): Page not found
2014-02-22T21:01:20-05:00 NOTICE (5): Request Parameters
2014-02-22T21:01:20-05:00 NOTICE (5): Page not found
2014-02-22T21:01:20-05:00 NOTICE (5): Request Parameters
2014-02-22T21:01:20-05:00 NOTICE (5): Page not found
2014-02-22T21:01:20-05:00 NOTICE (5): Request Parameters
2014-02-22T21:02:54-05:00 NOTICE (5): Page not found
2014-02-22T21:02:54-05:00 NOTICE (5): Request Parameters
2014-02-22T21:02:54-05:00 NOTICE (5): Page not found
2014-02-22T21:02:54-05:00 NOTICE (5): Request Parameters
2014-02-22T21:02:54-05:00 NOTICE (5): Page not found
2014-02-22T21:02:54-05:00 NOTICE (5): Request Parameters
2014-02-22T21:05:03-05:00 NOTICE (5): Page not found
2014-02-22T21:05:04-05:00 NOTICE (5): Request Parameters
2014-02-22T21:05:04-05:00 NOTICE (5): Page not found
2014-02-22T21:05:04-05:00 NOTICE (5): Request Parameters
2014-02-22T21:05:04-05:00 NOTICE (5): Page not found
2014-02-22T21:05:04-05:00 NOTICE (5): Request Parameters
2014-02-22T21:05:11-05:00 NOTICE (5): Page not found
2014-02-22T21:05:11-05:00 NOTICE (5): Request Parameters
2014-02-22T21:05:11-05:00 NOTICE (5): Page not found
2014-02-22T21:05:11-05:00 NOTICE (5): Request Parameters
2014-02-22T21:05:11-05:00 NOTICE (5): Page not found
2014-02-22T21:05:11-05:00 NOTICE (5): Request Parameters
2014-02-22T21:05:16-05:00 NOTICE (5): Page not found
2014-02-22T21:05:16-05:00 NOTICE (5): Request Parameters
2014-02-22T21:05:16-05:00 NOTICE (5): Page not found
2014-02-22T21:05:16-05:00 NOTICE (5): Request Parameters
2014-02-22T21:05:16-05:00 NOTICE (5): Page not found
2014-02-22T21:05:16-05:00 NOTICE (5): Request Parameters
2014-02-22T21:09:16-05:00 NOTICE (5): Page not found
2014-02-22T21:09:16-05:00 NOTICE (5): Request Parameters
2014-02-22T21:09:17-05:00 NOTICE (5): Page not found
2014-02-22T21:09:17-05:00 NOTICE (5): Request Parameters
2014-02-22T21:09:17-05:00 NOTICE (5): Page not found
2014-02-22T21:09:17-05:00 NOTICE (5): Request Parameters
2014-02-22T21:09:17-05:00 NOTICE (5): Page not found
2014-02-22T21:09:17-05:00 NOTICE (5): Request Parameters
2014-02-22T21:09:53-05:00 NOTICE (5): Page not found
2014-02-22T21:09:53-05:00 NOTICE (5): Request Parameters
2014-02-22T21:09:53-05:00 NOTICE (5): Page not found
2014-02-22T21:09:53-05:00 NOTICE (5): Request Parameters
2014-02-22T21:09:53-05:00 NOTICE (5): Page not found
2014-02-22T21:09:53-05:00 NOTICE (5): Request Parameters
2014-02-22T21:09:56-05:00 NOTICE (5): Page not found
2014-02-22T21:09:56-05:00 NOTICE (5): Request Parameters
2014-02-22T21:09:57-05:00 NOTICE (5): Page not found
2014-02-22T21:09:57-05:00 NOTICE (5): Request Parameters
2014-02-22T21:09:57-05:00 NOTICE (5): Page not found
2014-02-22T21:09:57-05:00 NOTICE (5): Request Parameters
2014-02-22T21:14:11-05:00 NOTICE (5): Page not found
2014-02-22T21:14:11-05:00 NOTICE (5): Request Parameters
2014-02-22T21:14:12-05:00 NOTICE (5): Page not found
2014-02-22T21:14:12-05:00 NOTICE (5): Request Parameters
2014-02-22T21:14:12-05:00 NOTICE (5): Page not found
2014-02-22T21:14:12-05:00 NOTICE (5): Request Parameters
2014-02-22T21:15:04-05:00 NOTICE (5): Page not found
2014-02-22T21:15:04-05:00 NOTICE (5): Request Parameters
2014-02-22T21:15:04-05:00 NOTICE (5): Page not found
2014-02-22T21:15:04-05:00 NOTICE (5): Request Parameters
2014-02-22T21:15:04-05:00 NOTICE (5): Page not found
2014-02-22T21:15:04-05:00 NOTICE (5): Request Parameters
2014-02-22T21:16:22-05:00 NOTICE (5): Page not found
2014-02-22T21:16:22-05:00 NOTICE (5): Request Parameters
2014-02-22T21:16:22-05:00 NOTICE (5): Page not found
2014-02-22T21:16:22-05:00 NOTICE (5): Request Parameters
2014-02-22T21:16:22-05:00 NOTICE (5): Page not found
2014-02-22T21:16:22-05:00 NOTICE (5): Request Parameters
2014-02-22T21:16:22-05:00 NOTICE (5): Page not found
2014-02-22T21:16:22-05:00 NOTICE (5): Request Parameters
2014-02-22T21:18:55-05:00 NOTICE (5): Page not found
2014-02-22T21:18:55-05:00 NOTICE (5): Request Parameters
2014-02-22T21:18:56-05:00 NOTICE (5): Page not found
2014-02-22T21:18:56-05:00 NOTICE (5): Request Parameters
2014-02-22T21:18:56-05:00 NOTICE (5): Page not found
2014-02-22T21:18:56-05:00 NOTICE (5): Request Parameters
2014-02-22T21:19:06-05:00 NOTICE (5): Page not found
2014-02-22T21:19:06-05:00 NOTICE (5): Request Parameters
2014-02-22T21:19:07-05:00 NOTICE (5): Page not found
2014-02-22T21:19:07-05:00 NOTICE (5): Request Parameters
2014-02-22T21:19:07-05:00 NOTICE (5): Page not found
2014-02-22T21:19:07-05:00 NOTICE (5): Request Parameters
2014-02-22T21:19:10-05:00 NOTICE (5): Page not found
2014-02-22T21:19:10-05:00 NOTICE (5): Request Parameters
2014-02-22T21:19:10-05:00 NOTICE (5): Page not found
2014-02-22T21:19:10-05:00 NOTICE (5): Request Parameters
2014-02-22T21:19:10-05:00 NOTICE (5): Page not found
2014-02-22T21:19:10-05:00 NOTICE (5): Request Parameters
2014-02-22T21:20:22-05:00 NOTICE (5): Page not found
2014-02-22T21:20:22-05:00 NOTICE (5): Request Parameters
2014-02-22T21:20:22-05:00 NOTICE (5): Page not found
2014-02-22T21:20:22-05:00 NOTICE (5): Request Parameters
2014-02-22T21:20:22-05:00 NOTICE (5): Page not found
2014-02-22T21:20:22-05:00 NOTICE (5): Request Parameters
2014-02-22T21:20:36-05:00 NOTICE (5): Page not found
2014-02-22T21:20:36-05:00 NOTICE (5): Request Parameters
2014-02-22T21:20:36-05:00 NOTICE (5): Page not found
2014-02-22T21:20:36-05:00 NOTICE (5): Request Parameters
2014-02-22T21:20:36-05:00 NOTICE (5): Page not found
2014-02-22T21:20:36-05:00 NOTICE (5): Request Parameters
2014-02-22T21:20:42-05:00 NOTICE (5): Page not found
2014-02-22T21:20:42-05:00 NOTICE (5): Request Parameters
2014-02-22T21:20:43-05:00 NOTICE (5): Page not found
2014-02-22T21:20:43-05:00 NOTICE (5): Request Parameters
2014-02-22T21:20:43-05:00 NOTICE (5): Page not found
2014-02-22T21:20:43-05:00 NOTICE (5): Request Parameters
2014-02-22T21:21:30-05:00 NOTICE (5): Page not found
2014-02-22T21:21:30-05:00 NOTICE (5): Request Parameters
2014-02-22T21:21:30-05:00 NOTICE (5): Page not found
2014-02-22T21:21:30-05:00 NOTICE (5): Request Parameters
2014-02-22T21:21:30-05:00 NOTICE (5): Page not found
2014-02-22T21:21:30-05:00 NOTICE (5): Request Parameters
2014-02-22T21:29:32-05:00 NOTICE (5): Page not found
2014-02-22T21:29:32-05:00 NOTICE (5): Request Parameters
<<<<<<< HEAD
2014-02-22T21:39:24-05:00 CRIT (2): Application error
2014-02-22T21:39:24-05:00 CRIT (2): Request Parameters
2014-02-22T21:56:12-05:00 CRIT (2): Application error
2014-02-22T21:56:12-05:00 CRIT (2): Request Parameters
=======
2014-02-22T21:37:40-05:00 NOTICE (5): Page not found
2014-02-22T21:37:40-05:00 NOTICE (5): Request Parameters
2014-02-22T21:37:40-05:00 NOTICE (5): Page not found
2014-02-22T21:37:40-05:00 NOTICE (5): Request Parameters
2014-02-22T21:38:44-05:00 NOTICE (5): Page not found
2014-02-22T21:38:44-05:00 NOTICE (5): Request Parameters
>>>>>>> 42e79f7398c963f1e2fdef55454d738aa5bf5f7a
2014-02-22T21:58:17-05:00 CRIT (2): Application error
2014-02-22T21:58:17-05:00 CRIT (2): Request Parameters
2014-02-22T22:53:17-05:00 CRIT (2): Application error
2014-02-22T22:53:17-05:00 CRIT (2): Request Parameters
2014-02-22T22:53:19-05:00 CRIT (2): Application error
2014-02-22T22:53:19-05:00 CRIT (2): Request Parameters
2014-02-22T22:53:19-05:00 CRIT (2): Application error
2014-02-22T22:53:19-05:00 CRIT (2): Request Parameters
2014-02-22T23:50:38-05:00 NOTICE (5): Page not found
2014-02-22T23:50:38-05:00 NOTICE (5): Request Parameters
2014-02-22T23:53:40-05:00 NOTICE (5): Page not found
2014-02-22T23:53:40-05:00 NOTICE (5): Request Parameters
2014-02-23T01:14:10-05:00 NOTICE (5): Page not found
2014-02-23T01:14:10-05:00 NOTICE (5): Request Parameters
2014-02-23T11:00:29-05:00 CRIT (2): Application error
2014-02-23T11:00:29-05:00 CRIT (2): Request Parameters
2014-02-23T11:03:26-05:00 NOTICE (5): Page not found
2014-02-23T11:03:26-05:00 NOTICE (5): Request Parameters
2014-02-23T11:04:01-05:00 NOTICE (5): Page not found
2014-02-23T11:04:01-05:00 NOTICE (5): Request Parameters
2014-02-23T11:04:16-05:00 NOTICE (5): Page not found
2014-02-23T11:04:16-05:00 NOTICE (5): Request Parameters
2014-02-23T11:06:32-05:00 NOTICE (5): Page not found
2014-02-23T11:06:32-05:00 NOTICE (5): Request Parameters
2014-02-23T11:06:32-05:00 NOTICE (5): Page not found
2014-02-23T11:06:32-05:00 NOTICE (5): Request Parameters
2014-02-23T12:55:09-05:00 NOTICE (5): Page not found
2014-02-23T12:55:09-05:00 NOTICE (5): Request Parameters
2014-02-23T12:55:09-05:00 NOTICE (5): Page not found
2014-02-23T12:55:09-05:00 NOTICE (5): Request Parameters
2014-02-23T12:55:09-05:00 NOTICE (5): Page not found
2014-02-23T12:55:09-05:00 NOTICE (5): Request Parameters
2014-02-23T13:11:32-05:00 NOTICE (5): Page not found
2014-02-23T13:11:32-05:00 NOTICE (5): Request Parameters
2014-02-23T13:11:32-05:00 NOTICE (5): Page not found
2014-02-23T13:11:32-05:00 NOTICE (5): Request Parameters
2014-02-23T13:11:32-05:00 NOTICE (5): Page not found
2014-02-23T13:11:32-05:00 NOTICE (5): Request Parameters
2014-02-23T13:13:17-05:00 NOTICE (5): Page not found
2014-02-23T13:13:17-05:00 NOTICE (5): Request Parameters
2014-02-23T13:13:17-05:00 NOTICE (5): Page not found
2014-02-23T13:13:17-05:00 NOTICE (5): Request Parameters
2014-02-23T13:13:17-05:00 NOTICE (5): Page not found
2014-02-23T13:13:17-05:00 NOTICE (5): Request Parameters
2014-02-23T13:13:21-05:00 NOTICE (5): Page not found
2014-02-23T13:13:21-05:00 NOTICE (5): Request Parameters
2014-02-23T13:13:21-05:00 NOTICE (5): Page not found
2014-02-23T13:13:21-05:00 NOTICE (5): Request Parameters
2014-02-23T13:13:21-05:00 NOTICE (5): Page not found
2014-02-23T13:13:21-05:00 NOTICE (5): Request Parameters
2014-02-23T13:13:26-05:00 NOTICE (5): Page not found
2014-02-23T13:13:26-05:00 NOTICE (5): Request Parameters
2014-02-23T13:13:26-05:00 NOTICE (5): Page not found
2014-02-23T13:13:26-05:00 NOTICE (5): Request Parameters
2014-02-23T13:13:26-05:00 NOTICE (5): Page not found
2014-02-23T13:13:26-05:00 NOTICE (5): Request Parameters
2014-02-23T16:30:32-05:00 CRIT (2): Application error
2014-02-23T16:30:32-05:00 CRIT (2): Request Parameters
2014-02-24T11:15:31-05:00 NOTICE (5): Page not found
2014-02-24T11:15:31-05:00 NOTICE (5): Request Parameters
2014-02-24T11:15:31-05:00 NOTICE (5): Page not found
2014-02-24T11:15:31-05:00 NOTICE (5): Request Parameters
=======
2014-02-23T23:20:32-05:00 CRIT (2): Application error
2014-02-23T23:20:32-05:00 CRIT (2): Request Parameters
2014-02-23T23:32:12-05:00 NOTICE (5): Page not found
2014-02-23T23:32:12-05:00 NOTICE (5): Request Parameters
2014-02-23T23:37:24-05:00 NOTICE (5): Page not found
2014-02-23T23:37:24-05:00 NOTICE (5): Request Parameters
2014-02-23T23:37:35-05:00 NOTICE (5): Page not found
2014-02-23T23:37:35-05:00 NOTICE (5): Request Parameters
2014-02-23T23:37:44-05:00 NOTICE (5): Page not found
2014-02-23T23:37:44-05:00 NOTICE (5): Request Parameters
2014-02-23T23:37:57-05:00 NOTICE (5): Page not found
2014-02-23T23:37:57-05:00 NOTICE (5): Request Parameters
2014-02-23T23:39:11-05:00 NOTICE (5): Page not found
2014-02-23T23:39:11-05:00 NOTICE (5): Request Parameters
2014-02-23T23:41:06-05:00 NOTICE (5): Page not found
2014-02-23T23:41:06-05:00 NOTICE (5): Request Parameters
2014-02-23T23:41:25-05:00 NOTICE (5): Page not found
2014-02-23T23:41:25-05:00 NOTICE (5): Request Parameters
2014-02-23T23:41:56-05:00 NOTICE (5): Page not found
2014-02-23T23:41:56-05:00 NOTICE (5): Request Parameters
2014-02-23T23:41:59-05:00 NOTICE (5): Page not found
2014-02-23T23:41:59-05:00 NOTICE (5): Request Parameters
2014-02-23T23:42:00-05:00 NOTICE (5): Page not found
2014-02-23T23:42:00-05:00 NOTICE (5): Request Parameters
2014-02-23T23:42:03-05:00 NOTICE (5): Page not found
2014-02-23T23:42:03-05:00 NOTICE (5): Request Parameters
2014-02-23T23:42:24-05:00 NOTICE (5): Page not found
2014-02-23T23:42:24-05:00 NOTICE (5): Request Parameters
2014-02-23T23:43:03-05:00 NOTICE (5): Page not found
2014-02-23T23:43:03-05:00 NOTICE (5): Request Parameters
2014-02-23T23:45:20-05:00 NOTICE (5): Page not found
2014-02-23T23:45:20-05:00 NOTICE (5): Request Parameters
2014-02-23T23:45:35-05:00 NOTICE (5): Page not found
2014-02-23T23:45:35-05:00 NOTICE (5): Request Parameters
2014-02-23T23:46:07-05:00 NOTICE (5): Page not found
2014-02-23T23:46:07-05:00 NOTICE (5): Request Parameters
2014-02-24T10:55:48-05:00 NOTICE (5): Page not found
2014-02-24T10:55:48-05:00 NOTICE (5): Request Parameters
2014-02-24T10:55:48-05:00 NOTICE (5): Page not found
2014-02-24T10:55:48-05:00 NOTICE (5): Request Parameters
2014-02-24T10:55:48-05:00 NOTICE (5): Page not found
2014-02-24T10:55:48-05:00 NOTICE (5): Request Parameters
2014-02-24T10:55:48-05:00 NOTICE (5): Page not found
2014-02-24T10:55:48-05:00 NOTICE (5): Request Parameters
2014-02-24T10:55:48-05:00 NOTICE (5): Page not found
2014-02-24T10:55:48-05:00 NOTICE (5): Request Parameters
2014-02-24T10:55:48-05:00 NOTICE (5): Page not found
2014-02-24T10:55:48-05:00 NOTICE (5): Request Parameters
2014-02-24T10:55:49-05:00 NOTICE (5): Page not found
2014-02-24T10:55:49-05:00 NOTICE (5): Request Parameters
2014-02-24T10:55:49-05:00 NOTICE (5): Page not found
2014-02-24T10:55:49-05:00 NOTICE (5): Request Parameters
2014-02-24T10:55:49-05:00 NOTICE (5): Page not found
2014-02-24T10:55:49-05:00 NOTICE (5): Request Parameters
2014-02-24T10:55:49-05:00 NOTICE (5): Page not found
2014-02-24T10:55:49-05:00 NOTICE (5): Request Parameters
2014-02-24T10:55:49-05:00 NOTICE (5): Page not found
2014-02-24T10:55:49-05:00 NOTICE (5): Request Parameters
2014-02-24T10:55:49-05:00 NOTICE (5): Page not found
2014-02-24T10:55:49-05:00 NOTICE (5): Request Parameters
2014-02-24T10:55:49-05:00 NOTICE (5): Page not found
2014-02-24T10:55:49-05:00 NOTICE (5): Request Parameters
2014-02-24T10:55:49-05:00 NOTICE (5): Page not found
2014-02-24T10:55:49-05:00 NOTICE (5): Request Parameters
2014-02-24T10:55:49-05:00 NOTICE (5): Page not found
2014-02-24T10:55:49-05:00 NOTICE (5): Request Parameters
2014-02-24T11:35:49-05:00 NOTICE (5): Page not found
2014-02-24T11:35:49-05:00 NOTICE (5): Request Parameters
2014-02-24T16:17:28-05:00 NOTICE (5): Page not found
2014-02-24T16:17:28-05:00 NOTICE (5): Request Parameters
2014-02-24T16:17:28-05:00 NOTICE (5): Page not found
2014-02-24T16:17:28-05:00 NOTICE (5): Request Parameters
2014-02-24T16:17:28-05:00 NOTICE (5): Page not found
2014-02-24T16:17:28-05:00 NOTICE (5): Request Parameters
2014-02-24T16:17:28-05:00 NOTICE (5): Page not found
2014-02-24T16:17:28-05:00 NOTICE (5): Request Parameters
2014-02-24T16:17:28-05:00 NOTICE (5): Page not found
2014-02-24T16:17:28-05:00 NOTICE (5): Request Parameters
2014-02-24T16:17:28-05:00 NOTICE (5): Page not found
2014-02-24T16:17:28-05:00 NOTICE (5): Request Parameters
2014-02-24T16:17:28-05:00 NOTICE (5): Page not found
2014-02-24T16:17:28-05:00 NOTICE (5): Request Parameters
2014-02-24T16:17:28-05:00 NOTICE (5): Page not found
2014-02-24T16:17:28-05:00 NOTICE (5): Request Parameters
2014-02-24T16:17:29-05:00 NOTICE (5): Page not found
2014-02-24T16:17:29-05:00 NOTICE (5): Request Parameters
2014-02-24T16:17:29-05:00 NOTICE (5): Page not found
2014-02-24T16:17:29-05:00 NOTICE (5): Request Parameters
2014-02-24T16:17:29-05:00 NOTICE (5): Page not found
2014-02-24T16:17:29-05:00 NOTICE (5): Request Parameters
2014-02-24T16:17:29-05:00 NOTICE (5): Page not found
2014-02-24T16:17:29-05:00 NOTICE (5): Request Parameters
2014-02-24T16:17:30-05:00 NOTICE (5): Page not found
2014-02-24T16:17:30-05:00 NOTICE (5): Request Parameters
2014-02-24T16:17:30-05:00 NOTICE (5): Page not found
2014-02-24T16:17:30-05:00 NOTICE (5): Request Parameters
2014-02-24T16:17:30-05:00 NOTICE (5): Page not found
2014-02-24T16:17:30-05:00 NOTICE (5): Request Parameters
2014-02-24T16:17:30-05:00 NOTICE (5): Page not found
2014-02-24T16:17:30-05:00 NOTICE (5): Request Parameters
2014-02-24T16:17:30-05:00 NOTICE (5): Page not found
2014-02-24T16:17:30-05:00 NOTICE (5): Request Parameters
2014-02-24T16:18:01-05:00 NOTICE (5): Page not found
2014-02-24T16:18:01-05:00 NOTICE (5): Request Parameters
2014-02-24T16:18:01-05:00 NOTICE (5): Page not found
2014-02-24T16:18:01-05:00 NOTICE (5): Request Parameters
2014-02-24T16:18:02-05:00 NOTICE (5): Page not found
2014-02-24T16:18:02-05:00 NOTICE (5): Request Parameters
2014-02-24T16:18:02-05:00 NOTICE (5): Page not found
2014-02-24T16:18:02-05:00 NOTICE (5): Request Parameters
2014-02-24T16:18:02-05:00 NOTICE (5): Page not found
2014-02-24T16:18:02-05:00 NOTICE (5): Request Parameters
2014-02-24T16:18:02-05:00 NOTICE (5): Page not found
2014-02-24T16:18:02-05:00 NOTICE (5): Request Parameters
2014-02-24T16:18:02-05:00 NOTICE (5): Page not found
2014-02-24T16:18:02-05:00 NOTICE (5): Request Parameters
2014-02-24T16:18:02-05:00 NOTICE (5): Page not found
2014-02-24T16:18:02-05:00 NOTICE (5): Request Parameters
2014-02-24T16:18:02-05:00 NOTICE (5): Page not found
2014-02-24T16:18:02-05:00 NOTICE (5): Request Parameters
2014-02-24T16:18:02-05:00 NOTICE (5): Page not found
2014-02-24T16:18:02-05:00 NOTICE (5): Request Parameters
2014-02-24T16:18:02-05:00 NOTICE (5): Page not found
2014-02-24T16:18:02-05:00 NOTICE (5): Request Parameters
2014-02-24T16:18:02-05:00 NOTICE (5): Page not found
2014-02-24T16:18:02-05:00 NOTICE (5): Request Parameters
2014-02-24T16:18:03-05:00 NOTICE (5): Page not found
2014-02-24T16:18:03-05:00 NOTICE (5): Request Parameters
2014-02-24T16:18:03-05:00 NOTICE (5): Page not found
2014-02-24T16:18:03-05:00 NOTICE (5): Request Parameters
2014-02-24T16:18:03-05:00 NOTICE (5): Page not found
2014-02-24T16:18:03-05:00 NOTICE (5): Request Parameters
2014-02-24T16:20:03-05:00 NOTICE (5): Page not found
2014-02-24T16:20:03-05:00 NOTICE (5): Request Parameters
2014-02-24T16:20:03-05:00 NOTICE (5): Page not found
2014-02-24T16:20:03-05:00 NOTICE (5): Request Parameters
2014-02-24T16:20:03-05:00 NOTICE (5): Page not found
2014-02-24T16:20:03-05:00 NOTICE (5): Request Parameters
2014-02-24T16:20:03-05:00 NOTICE (5): Page not found
2014-02-24T16:20:03-05:00 NOTICE (5): Request Parameters
2014-02-24T16:20:03-05:00 NOTICE (5): Page not found
2014-02-24T16:20:03-05:00 NOTICE (5): Request Parameters
2014-02-24T16:20:03-05:00 NOTICE (5): Page not found
2014-02-24T16:20:03-05:00 NOTICE (5): Request Parameters
2014-02-24T16:20:03-05:00 NOTICE (5): Page not found
2014-02-24T16:20:03-05:00 NOTICE (5): Request Parameters
2014-02-24T16:20:03-05:00 NOTICE (5): Page not found
2014-02-24T16:20:03-05:00 NOTICE (5): Request Parameters
2014-02-24T16:21:06-05:00 NOTICE (5): Page not found
2014-02-24T16:21:06-05:00 NOTICE (5): Request Parameters
2014-02-24T16:21:06-05:00 NOTICE (5): Page not found
2014-02-24T16:21:06-05:00 NOTICE (5): Request Parameters
2014-02-24T16:21:06-05:00 NOTICE (5): Page not found
2014-02-24T16:21:06-05:00 NOTICE (5): Request Parameters
2014-02-24T16:21:06-05:00 NOTICE (5): Page not found
2014-02-24T16:21:06-05:00 NOTICE (5): Request Parameters
2014-02-24T16:21:06-05:00 NOTICE (5): Page not found
2014-02-24T16:21:06-05:00 NOTICE (5): Request Parameters
2014-02-24T16:21:06-05:00 NOTICE (5): Page not found
2014-02-24T16:21:06-05:00 NOTICE (5): Request Parameters
2014-02-24T16:21:56-05:00 NOTICE (5): Page not found
2014-02-24T16:21:56-05:00 NOTICE (5): Request Parameters
2014-02-24T16:21:56-05:00 NOTICE (5): Page not found
2014-02-24T16:21:56-05:00 NOTICE (5): Request Parameters
2014-02-24T16:21:56-05:00 NOTICE (5): Page not found
2014-02-24T16:21:56-05:00 NOTICE (5): Request Parameters
2014-02-24T16:21:57-05:00 NOTICE (5): Page not found
2014-02-24T16:21:57-05:00 NOTICE (5): Request Parameters
2014-02-24T16:21:57-05:00 NOTICE (5): Page not found
2014-02-24T16:21:57-05:00 NOTICE (5): Request Parameters
2014-02-24T16:21:57-05:00 NOTICE (5): Page not found
2014-02-24T16:21:57-05:00 NOTICE (5): Request Parameters
>>>>>>> fa0a208b90f179cf7b06e3d5972aece0f019d7cf
2014-02-24T17:54:01-05:00 NOTICE (5): Page not found
2014-02-24T17:54:01-05:00 NOTICE (5): Request Parameters
2014-02-24T17:54:01-05:00 NOTICE (5): Page not found
2014-02-24T17:54:01-05:00 NOTICE (5): Request Parameters
2014-02-24T17:54:02-05:00 NOTICE (5): Page not found
2014-02-24T17:54:02-05:00 NOTICE (5): Request Parameters
2014-02-24T17:54:02-05:00 NOTICE (5): Page not found
2014-02-24T17:54:02-05:00 NOTICE (5): Request Parameters
2014-02-24T17:54:31-05:00 NOTICE (5): Page not found
2014-02-24T17:54:31-05:00 NOTICE (5): Request Parameters
